<?xml version="1.0" encoding="UTF-8"?>
<!-- Generated by org.testng.reporters.JUnitReportReporter -->
<testsuite hostname="DESKTOP-I4TJMN0" failures="0" tests="2" name="in.airlines.testscripts.TestRunner" time="8.996" errors="0" timestamp="2021-12-22T10:08:07 IST" skipped="0">
  <testcase classname="in.airlines.testscripts.TestRunner" name="runScenario" time="4.496"/>
  <system-out/>
  <testcase classname="in.airlines.testscripts.TestRunner" name="runScenario" time="4.500"/>
  <system-out/>
</testsuite> <!-- in.airlines.testscripts.TestRunner -->
